<?xml version="1.0" encoding="UTF-8"?>
<testsuite name="ru.netology.rest.MobileBankApiTestV1" tests="1" skipped="0" failures="0" errors="0" timestamp="2022-08-06T09:07:08" hostname="LAPTOP-AD7UTJ6U" time="4.175">
  <properties/>
  <testcase name="shouldReturnDemoAccounts()" classname="ru.netology.rest.MobileBankApiTestV1" time="4.175"/>
  <system-out><![CDATA[]]></system-out>
  <system-err><![CDATA[]]></system-err>
</testsuite>
